0 info it worked if it ends with ok
1 verbose cli [ 'node', '/usr/local/bin/npm', 'install', 'lessc' ]
2 info using npm@1.4.27
3 info using node@v0.10.31
4 verbose node symlink /usr/local/bin/node
5 warn package.json app-template@1.0.0 No repository field.
6 verbose readDependencies using package.json deps
7 verbose cache add [ 'lessc', null ]
8 verbose cache add name=undefined spec="lessc" args=["lessc",null]
9 verbose parsed url { protocol: null,
9 verbose parsed url   slashes: null,
9 verbose parsed url   auth: null,
9 verbose parsed url   host: null,
9 verbose parsed url   port: null,
9 verbose parsed url   hostname: null,
9 verbose parsed url   hash: null,
9 verbose parsed url   search: null,
9 verbose parsed url   query: null,
9 verbose parsed url   pathname: 'lessc',
9 verbose parsed url   path: 'lessc',
9 verbose parsed url   href: 'lessc' }
10 silly lockFile 8b3a335c-lessc lessc
11 verbose lock lessc /Users/AHurt/.npm/8b3a335c-lessc.lock
12 silly lockFile 8b3a335c-lessc lessc
13 silly lockFile 8b3a335c-lessc lessc
14 verbose addNamed [ 'lessc', '' ]
15 verbose addNamed [ null, '*' ]
16 silly lockFile a47c36bc-lessc lessc@
17 verbose lock lessc@ /Users/AHurt/.npm/a47c36bc-lessc.lock
18 silly addNameRange { name: 'lessc', range: '*', hasData: false }
19 verbose request where is /lessc
20 verbose request registry https://registry.npmjs.org/
21 verbose request id b19bdf2280fde1cc
22 verbose url raw /lessc
23 verbose url resolving [ 'https://registry.npmjs.org/', './lessc' ]
24 verbose url resolved https://registry.npmjs.org/lessc
25 verbose request where is https://registry.npmjs.org/lessc
26 info trying registry request attempt 1 at 21:11:25
27 http GET https://registry.npmjs.org/lessc
28 http 404 https://registry.npmjs.org/lessc
29 silly registry.get cb [ 404,
29 silly registry.get   { 'content-type': 'application/json',
29 silly registry.get     'cache-control': 'max-age=0',
29 silly registry.get     'content-length': '2',
29 silly registry.get     'accept-ranges': 'bytes',
29 silly registry.get     date: 'Fri, 26 Aug 2016 01:11:25 GMT',
29 silly registry.get     via: '1.1 varnish',
29 silly registry.get     age: '0',
29 silly registry.get     connection: 'keep-alive',
29 silly registry.get     'x-served-by': 'cache-iad2137-IAD',
29 silly registry.get     'x-cache': 'MISS',
29 silly registry.get     'x-cache-hits': '0',
29 silly registry.get     'x-timer': 'S1472173885.540518,VS0,VE401',
29 silly registry.get     vary: 'Accept-Encoding' } ]
30 silly lockFile a47c36bc-lessc lessc@
31 silly lockFile a47c36bc-lessc lessc@
32 error 404 Not Found
32 error 404
32 error 404 'lessc' is not in the npm registry.
32 error 404 You should bug the author to publish it
32 error 404 It was specified as a dependency of 'app-template'
32 error 404
32 error 404 Note that you can also install from a
32 error 404 tarball, folder, or http url, or git url.
33 error System Darwin 14.3.0
34 error command "node" "/usr/local/bin/npm" "install" "lessc"
35 error cwd /Users/AHurt/src/mental-health
36 error node -v v0.10.31
37 error npm -v 1.4.27
38 error code E404
39 verbose exit [ 1, true ]
